{"numTotalTestSuites":131,"numPassedTestSuites":131,"numFailedTestSuites":0,"numPendingTestSuites":0,"numTotalTests":394,"numPassedTests":393,"numFailedTests":0,"numPendingTests":1,"numTodoTests":0,"snapshot":{"added":0,"failure":false,"filesAdded":0,"filesRemoved":0,"filesRemovedList":[],"filesUnmatched":0,"filesUpdated":0,"matched":0,"total":0,"unchecked":0,"uncheckedKeysByFile":[],"unmatched":0,"updated":0,"didUpdate":false},"startTime":1777167254459,"success":true,"testResults":[{"assertionResults":[{"ancestorTitles":["content-lib"],"fullName":"content-lib parses semicolon-delimited lists into trimmed arrays","status":"passed","title":"parses semicolon-delimited lists into trimmed arrays","duration":0.984499999999997,"failureMessages":[],"meta":{}},{"ancestorTitles":["content-lib"],"fullName":"content-lib parses the stats cost blob format","status":"passed","title":"parses the stats cost blob format","duration":0.2948999999999842,"failureMessages":[],"meta":{}},{"ancestorTitles":["content-lib"],"fullName":"content-lib parses quoted csv rows with commas","status":"passed","title":"parses quoted csv rows with commas","duration":0.22870000000000346,"failureMessages":[],"meta":{}},{"ancestorTitles":["content-lib"],"fullName":"content-lib normalizes starter-only unit variants without duplicate-id errors","status":"passed","title":"normalizes starter-only unit variants without duplicate-id errors","duration":38.967100000000016,"failureMessages":[],"meta":{}}],"startTime":1777168535209,"endTime":1777168535248.967,"status":"passed","message":"","name":"C:/Users/38909/Documents/github/aoe2/tests/content/content-lib.test.ts"},{"assertionResults":[{"ancestorTitles":["Slice 10 AI planner — pure helpers"],"fullName":"Slice 10 AI planner — pure helpers maps each age to a distinct plan label","status":"passed","title":"maps each age to a distinct plan label","duration":0.7645999999999731,"failureMessages":[],"meta":{}},{"ancestorTitles":["Slice 10 AI planner — pure helpers"],"fullName":"Slice 10 AI planner — pure helpers advances villager targets across ages","status":"passed","title":"advances villager targets across ages","duration":0.2220999999999549,"failureMessages":[],"meta":{}},{"ancestorTitles":["Slice 10 AI planner — pure helpers"],"fullName":"Slice 10 AI planner — pure helpers returns the next age for each current age","status":"passed","title":"returns the next age for each current age","duration":0.14249999999992724,"failureMessages":[],"meta":{}},{"ancestorTitles":["Slice 10 AI planner — pure helpers"],"fullName":"Slice 10 AI planner — pure helpers returns null when age-up prerequisites or cost are unmet","status":"passed","title":"returns null when age-up prerequisites or cost are unmet","duration":0.0964000000001306,"failureMessages":[],"meta":{}},{"ancestorTitles":["Slice 10 AI planner — pure helpers"],"fullName":"Slice 10 AI planner — pure helpers picks a sensible next build target in each age","status":"passed","title":"picks a sensible next build target in each age","duration":0.11760000000003856,"failureMessages":[],"meta":{}},{"ancestorTitles":["Slice 10 AI planner — pure helpers"],"fullName":"Slice 10 AI planner — pure helpers ramps the attack-group threshold across ages","status":"passed","title":"ramps the attack-group threshold across ages","duration":0.09930000000008476,"failureMessages":[],"meta":{}},{"ancestorTitles":["Slice 10 AI planner — pure helpers"],"fullName":"Slice 10 AI planner — pure helpers returns distinct unit mixes per age","status":"passed","title":"returns distinct unit mixes per age","duration":0.44250000000010914,"failureMessages":[],"meta":{}},{"ancestorTitles":["Slice 10 AI planner — pure helpers"],"fullName":"Slice 10 AI planner — pure helpers maps difficulty to monotone gather + decision-interval multipliers","status":"passed","title":"maps difficulty to monotone gather + decision-interval multipliers","duration":0.11540000000013606,"failureMessages":[],"meta":{}},{"ancestorTitles":["Slice 10 AI planner — pure helpers"],"fullName":"Slice 10 AI planner — pure helpers villagerTargetsEqual treats missing entries as zero","status":"passed","title":"villagerTargetsEqual treats missing entries as zero","duration":0.21010000000001128,"failureMessages":[],"meta":{}},{"ancestorTitles":["Slice 10 AI planner — simulation end-to-end"],"fullName":"Slice 10 AI planner — simulation end-to-end assigns villagers across at least three resource types within 300 ticks","status":"passed","title":"assigns villagers across at least three resource types within 300 ticks","duration":4699.9188,"failureMessages":[],"meta":{}},{"ancestorTitles":["Slice 10 AI planner — simulation end-to-end"],"fullName":"Slice 10 AI planner — simulation end-to-end ages up through the ages within a generous tick budget","status":"passed","title":"ages up through the ages within a generous tick budget","duration":87098.2286,"failureMessages":[],"meta":{}},{"ancestorTitles":["Slice 10 AI planner — simulation end-to-end"],"fullName":"Slice 10 AI planner — simulation end-to-end builds a Watch Tower toward the sighted enemy","status":"passed","title":"builds a Watch Tower toward the sighted enemy","duration":8325.039000000004,"failureMessages":[],"meta":{}},{"ancestorTitles":["Slice 10 AI planner — simulation end-to-end"],"fullName":"Slice 10 AI planner — simulation end-to-end accumulates 5+ military units before pushing in Feudal Age","status":"passed","title":"accumulates 5+ military units before pushing in Feudal Age","duration":30885.973299999983,"failureMessages":[],"meta":{}},{"ancestorTitles":["Slice 10 AI planner — simulation end-to-end"],"fullName":"Slice 10 AI planner — simulation end-to-end hard AI accumulates more food than easy AI after a fixed tick budget","status":"passed","title":"hard AI accumulates more food than easy AI after a fixed tick budget","duration":34397.38830000002,"failureMessages":[],"meta":{}},{"ancestorTitles":["Slice 10 AI planner — simulation end-to-end"],"fullName":"Slice 10 AI planner — simulation end-to-end preserves baseline barracks-rush behavior: AI builds a Barracks and trains Militia on ai-rush-fixture","status":"passed","title":"preserves baseline barracks-rush behavior: AI builds a Barracks and trains Militia on ai-rush-fixture","duration":7981.367200000008,"failureMessages":[],"meta":{}},{"ancestorTitles":["FU4 AI Monks"],"fullName":"FU4 AI Monks builds a Monastery in Castle Age on the ai-monk-fixture","status":"passed","title":"builds a Monastery in Castle Age on the ai-monk-fixture","duration":9072.378499999992,"failureMessages":[],"meta":{}},{"ancestorTitles":["FU4 AI Monks"],"fullName":"FU4 AI Monks trains Monks at the Monastery once Castle Age opens","status":"passed","title":"trains Monks at the Monastery once Castle Age opens","duration":20851.16279999999,"failureMessages":[],"meta":{}},{"ancestorTitles":["FU4 AI Monks"],"fullName":"FU4 AI Monks heals a wounded military unit via the AI's Monk","status":"passed","title":"heals a wounded military unit via the AI's Monk","duration":188.77409999998054,"failureMessages":[],"meta":{}},{"ancestorTitles":["FU4 AI Monks"],"fullName":"FU4 AI Monks picks up and deposits a visible neutral relic via the AI's Monk","status":"passed","title":"picks up and deposits a visible neutral relic via the AI's Monk","duration":3085.355199999991,"failureMessages":[],"meta":{}},{"ancestorTitles":["FU4 AI Wonder pursuit"],"fullName":"FU4 AI Wonder pursuit builds a Wonder and wins via Wonder victory in Imperial Age","status":"passed","title":"builds a Wonder and wins via Wonder victory in Imperial Age","duration":16661.718599999993,"failureMessages":[],"meta":{}}],"startTime":1777167255991,"endTime":1777167479245.7185,"status":"passed","message":"","name":"C:/Users/38909/Documents/github/aoe2/tests/simulation/aiPlayer.test.ts"},{"assertionResults":[{"ancestorTitles":["auto-aggression: idle military pursues; idle villagers defend"],"fullName":"auto-aggression: idle military pursues; idle villagers defend idle militia auto-engages an enemy spearman within its vision radius","status":"passed","title":"idle militia auto-engages an enemy spearman within its vision radius","duration":150.91280000000003,"failureMessages":[],"meta":{}},{"ancestorTitles":["auto-aggression: idle military pursues; idle villagers defend"],"fullName":"auto-aggression: idle military pursues; idle villagers defend idle militia ignores an enemy spearman that is far outside its vision radius","status":"passed","title":"idle militia ignores an enemy spearman that is far outside its vision radius","duration":1390.3065000000001,"failureMessages":[],"meta":{}},{"ancestorTitles":["auto-aggression: idle military pursues; idle villagers defend"],"fullName":"auto-aggression: idle military pursues; idle villagers defend idle archer pursues a target inside vision but outside attack range, then fires","status":"passed","title":"idle archer pursues a target inside vision but outside attack range, then fires","duration":44.43380000000002,"failureMessages":[],"meta":{}},{"ancestorTitles":["auto-aggression: idle military pursues; idle villagers defend"],"fullName":"auto-aggression: idle military pursues; idle villagers defend honors a player-issued move order: militia walks past an adjacent enemy without engaging","status":"passed","title":"honors a player-issued move order: militia walks past an adjacent enemy without engaging","duration":3335.6517999999996,"failureMessages":[],"meta":{}},{"ancestorTitles":["auto-aggression: idle military pursues; idle villagers defend"],"fullName":"auto-aggression: idle military pursues; idle villagers defend idle villager swings back at an adjacent enemy spearman (defensive stance)","status":"passed","title":"idle villager swings back at an adjacent enemy spearman (defensive stance)","duration":34.69599999999991,"failureMessages":[],"meta":{}},{"ancestorTitles":["auto-aggression: idle military pursues; idle villagers defend"],"fullName":"auto-aggression: idle military pursues; idle villagers defend villager does NOT pursue an enemy several tiles away (defensive stance, no chase)","status":"passed","title":"villager does NOT pursue an enemy several tiles away (defensive stance, no chase)","duration":2282.8212000000003,"failureMessages":[],"meta":{}},{"ancestorTitles":["auto-aggression: idle military pursues; idle villagers defend"],"fullName":"auto-aggression: idle military pursues; idle villagers defend does not yank a gathering villager off its resource when an enemy walks adjacent","status":"passed","title":"does not yank a gathering villager off its resource when an enemy walks adjacent","duration":1765.6781,"failureMessages":[],"meta":{}},{"ancestorTitles":["auto-aggression: idle military pursues; idle villagers defend"],"fullName":"auto-aggression: idle military pursues; idle villagers defend does not auto-engage from a Monk: an adjacent enemy spearman never gets attacked","status":"passed","title":"does not auto-engage from a Monk: an adjacent enemy spearman never gets attacked","duration":1283.6146000000008,"failureMessages":[],"meta":{}},{"ancestorTitles":["auto-aggression: idle military pursues; idle villagers defend"],"fullName":"auto-aggression: idle military pursues; idle villagers defend after killing one enemy, an idle militia auto-engages the next visible enemy","status":"passed","title":"after killing one enemy, an idle militia auto-engages the next visible enemy","duration":4351.522199999999,"failureMessages":[],"meta":{}},{"ancestorTitles":["auto-aggression: idle military pursues; idle villagers defend"],"fullName":"auto-aggression: idle military pursues; idle villagers defend save/load mid-engagement preserves auto-aggression: rehydrated bridge keeps damaging the target","status":"passed","title":"save/load mid-engagement preserves auto-aggression: rehydrated bridge keeps damaging the target","duration":811.5583000000006,"failureMessages":[],"meta":{}}],"startTime":1777168435294,"endTime":1777168450746.5583,"status":"passed","message":"","name":"C:/Users/38909/Documents/github/aoe2/tests/simulation/autoAggression.test.ts"},{"assertionResults":[{"ancestorTitles":["Blacksmith melee attack progression (Forging / Iron Casting / Blast Furnace)"],"fullName":"Blacksmith melee attack progression (Forging / Iron Casting / Blast Furnace) Forging grants +1 attack to a Militia and stacks independently with Iron Casting (+1) and Blast Furnace (+2)","status":"passed","title":"Forging grants +1 attack to a Militia and stacks independently with Iron Casting (+1) and Blast Furnace (+2)","duration":25332.663099999998,"failureMessages":[],"meta":{}},{"ancestorTitles":["Blacksmith infantry armor progression (Scale Mail / Chain Mail / Plate Mail)"],"fullName":"Blacksmith infantry armor progression (Scale Mail / Chain Mail / Plate Mail) stacks +1 armor per tier on a Spearman for +3 total","status":"passed","title":"stacks +1 armor per tier on a Spearman for +3 total","duration":26200.513499999997,"failureMessages":[],"meta":{}},{"ancestorTitles":["Blacksmith cavalry armor progression (Scale / Chain / Plate Barding)"],"fullName":"Blacksmith cavalry armor progression (Scale / Chain / Plate Barding) stacks +1 armor per tier on a Knight for +3 total","status":"passed","title":"stacks +1 armor per tier on a Knight for +3 total","duration":25299.6477,"failureMessages":[],"meta":{}},{"ancestorTitles":["Blacksmith archer armor progression (Padded / Leather / Ring Archer Armor)"],"fullName":"Blacksmith archer armor progression (Padded / Leather / Ring Archer Armor) stacks +1 armor per tier on an Archer for +3 total","status":"passed","title":"stacks +1 armor per tier on an Archer for +3 total","duration":25192.74930000001,"failureMessages":[],"meta":{}},{"ancestorTitles":["Blacksmith archer attack/range progression (Fletching / Bodkin / Bracer)"],"fullName":"Blacksmith archer attack/range progression (Fletching / Bodkin / Bracer) stacks +1 attack and +1 range per tier on an Archer for +3/+3 total","status":"passed","title":"stacks +1 attack and +1 range per tier on an Archer for +3/+3 total","duration":21660.358699999997,"failureMessages":[],"meta":{}},{"ancestorTitles":["Armor reduces damage per hit"],"fullName":"Armor reduces damage per hit a Plate Mail Halberdier takes 1 less damage per Champion hit than an unarmored Halberdier","status":"passed","title":"a Plate Mail Halberdier takes 1 less damage per Champion hit than an unarmored Halberdier","duration":141.93159999999625,"failureMessages":[],"meta":{}},{"ancestorTitles":["Chemistry gates Bombard Cannon training"],"fullName":"Chemistry gates Bombard Cannon training does not expose Bombard Cannon at the Siege Workshop until Chemistry is researched","status":"passed","title":"does not expose Bombard Cannon at the Siege Workshop until Chemistry is researched","duration":10653.723199999993,"failureMessages":[],"meta":{}},{"ancestorTitles":["Chemistry grants +1 attack to archer-line units"],"fullName":"Chemistry grants +1 attack to archer-line units bumps Archer attack from 4 to 5 after Chemistry completes","status":"passed","title":"bumps Archer attack from 4 to 5 after Chemistry completes","duration":10326.355699999986,"failureMessages":[],"meta":{}}],"startTime":1777167760245,"endTime":1777167905056.3557,"status":"passed","message":"","name":"C:/Users/38909/Documents/github/aoe2/tests/simulation/blacksmithProgression.test.ts"},{"assertionResults":[{"ancestorTitles":["AUTHORITATIVE_BUILDING_FOOTPRINTS"],"fullName":"AUTHORITATIVE_BUILDING_FOOTPRINTS pins the implemented building footprints used by gameplay and rendering","status":"passed","title":"pins the implemented building footprints used by gameplay and rendering","duration":1.0923999999999978,"failureMessages":[],"meta":{}}],"startTime":1777168536926,"endTime":1777168536927.0923,"status":"passed","message":"","name":"C:/Users/38909/Documents/github/aoe2/tests/simulation/buildingFootprints.test.ts"},{"assertionResults":[{"ancestorTitles":["Slice 6 Castle + Longbowman"],"fullName":"Slice 6 Castle + Longbowman exposes Castle in a villager placement menu at Castle Age","status":"passed","title":"exposes Castle in a villager placement menu at Castle Age","duration":55.46700000000001,"failureMessages":[],"meta":{}},{"ancestorTitles":["Slice 6 Castle + Longbowman"],"fullName":"Slice 6 Castle + Longbowman does not offer Castle while still in Feudal Age","status":"passed","title":"does not offer Castle while still in Feudal Age","duration":29.883800000000008,"failureMessages":[],"meta":{}},{"ancestorTitles":["Slice 6 Castle + Longbowman"],"fullName":"Slice 6 Castle + Longbowman Castle under a Britons owner exposes Longbowman in its train menu","status":"passed","title":"Castle under a Britons owner exposes Longbowman in its train menu","duration":25.40379999999999,"failureMessages":[],"meta":{}},{"ancestorTitles":["Slice 6 Castle + Longbowman"],"fullName":"Slice 6 Castle + Longbowman Castle under a non-Britons owner exposes no trainable units","status":"passed","title":"Castle under a non-Britons owner exposes no trainable units","duration":21.303499999999985,"failureMessages":[],"meta":{}},{"ancestorTitles":["Slice 6 Castle + Longbowman"],"fullName":"Slice 6 Castle + Longbowman Longbowman hits a target at range 6 without closing","status":"passed","title":"Longbowman hits a target at range 6 without closing","duration":41.22720000000004,"failureMessages":[],"meta":{}},{"ancestorTitles":["Slice 6 Castle + Longbowman"],"fullName":"Slice 6 Castle + Longbowman Fletching researched before training a Longbowman applies +1/+1 to the Longbowman","status":"passed","title":"Fletching researched before training a Longbowman applies +1/+1 to the Longbowman","duration":8695.1938,"failureMessages":[],"meta":{}},{"ancestorTitles":["Slice 6 Castle + Longbowman"],"fullName":"Slice 6 Castle + Longbowman Fletching researched after training a Longbowman upgrades the existing Longbowman to 7/7","status":"passed","title":"Fletching researched after training a Longbowman upgrades the existing Longbowman to 7/7","duration":10601.1512,"failureMessages":[],"meta":{}},{"ancestorTitles":["Slice 6 Castle + Longbowman"],"fullName":"Slice 6 Castle + Longbowman Castle accepts up to 20 villagers as garrisoned units (well above the 5-cap of TC / Watch Tower)","status":"passed","title":"Castle accepts up to 20 villagers as garrisoned units (well above the 5-cap of TC / Watch Tower)","duration":394.6921000000002,"failureMessages":[],"meta":{}},{"ancestorTitles":["Slice 6 Castle + Longbowman"],"fullName":"Slice 6 Castle + Longbowman Castle auto-fires on a visible enemy unit within range 8 over a few ticks","status":"passed","title":"Castle auto-fires on a visible enemy unit within range 8 over a few ticks","duration":32.78489999999874,"failureMessages":[],"meta":{}},{"ancestorTitles":["Slice 6 Castle + Longbowman"],"fullName":"Slice 6 Castle + Longbowman AI militia prefers a low-priority House over a closer high-priority Castle","status":"passed","title":"AI militia prefers a low-priority House over a closer high-priority Castle","duration":214.76330000000235,"failureMessages":[],"meta":{}}],"startTime":1777168397028,"endTime":1777168417141.7632,"status":"passed","message":"","name":"C:/Users/38909/Documents/github/aoe2/tests/simulation/castle.test.ts"},{"assertionResults":[{"ancestorTitles":["Castle-Age new train-menu units (Camel, Cavalry Archer)"],"fullName":"Castle-Age new train-menu units (Camel, Cavalry Archer) exposes Camel in the Stable train menu at Castle Age","status":"passed","title":"exposes Camel in the Stable train menu at Castle Age","duration":56.17439999999999,"failureMessages":[],"meta":{}},{"ancestorTitles":["Castle-Age new train-menu units (Camel, Cavalry Archer)"],"fullName":"Castle-Age new train-menu units (Camel, Cavalry Archer) exposes Cavalry Archer in the Archery Range train menu at Castle Age","status":"passed","title":"exposes Cavalry Archer in the Archery Range train menu at Castle Age","duration":29.2928,"failureMessages":[],"meta":{}},{"ancestorTitles":["Castle-Age new train-menu units (Camel, Cavalry Archer)"],"fullName":"Castle-Age new train-menu units (Camel, Cavalry Archer) does not offer Cavalry Archer while still in Feudal Age","status":"passed","title":"does not offer Cavalry Archer while still in Feudal Age","duration":24.406600000000026,"failureMessages":[],"meta":{}},{"ancestorTitles":["Castle-Age new train-menu units (Camel, Cavalry Archer)"],"fullName":"Castle-Age new train-menu units (Camel, Cavalry Archer) trains a Camel when the Stable is selected and the train command is issued","status":"passed","title":"trains a Camel when the Stable is selected and the train command is issued","duration":2745.9874,"failureMessages":[],"meta":{}},{"ancestorTitles":["Castle-Age new train-menu units (Camel, Cavalry Archer)"],"fullName":"Castle-Age new train-menu units (Camel, Cavalry Archer) trains a Cavalry Archer when the Archery Range is selected and the train command is issued","status":"passed","title":"trains a Cavalry Archer when the Archery Range is selected and the train command is issued","duration":5847.3766000000005,"failureMessages":[],"meta":{}},{"ancestorTitles":["Castle-Age new train-menu units (Camel, Cavalry Archer)"],"fullName":"Castle-Age new train-menu units (Camel, Cavalry Archer) deals +9 anti-cavalry bonus damage when a Camel attacks a Knight (base 5 + 9 = 14)","status":"passed","title":"deals +9 anti-cavalry bonus damage when a Camel attacks a Knight (base 5 + 9 = 14)","duration":46.74409999999989,"failureMessages":[],"meta":{}},{"ancestorTitles":["Castle-Age new train-menu units (Camel, Cavalry Archer)"],"fullName":"Castle-Age new train-menu units (Camel, Cavalry Archer) deals +9 anti-cavalry bonus damage when a Camel attacks a Scout","status":"passed","title":"deals +9 anti-cavalry bonus damage when a Camel attacks a Scout","duration":67.08859999999913,"failureMessages":[],"meta":{}},{"ancestorTitles":["Castle-Age new train-menu units (Camel, Cavalry Archer)"],"fullName":"Castle-Age new train-menu units (Camel, Cavalry Archer) lets a Cavalry Archer hit a distant target at range 4 without closing to melee","status":"passed","title":"lets a Cavalry Archer hit a distant target at range 4 without closing to melee","duration":42.475000000000364,"failureMessages":[],"meta":{}},{"ancestorTitles":["Castle-Age new train-menu units (Camel, Cavalry Archer)"],"fullName":"Castle-Age new train-menu units (Camel, Cavalry Archer) does NOT apply the Spearman anti-cavalry bonus to a Camel target","status":"passed","title":"does NOT apply the Spearman anti-cavalry bonus to a Camel target","duration":33.81000000000131,"failureMessages":[],"meta":{}},{"ancestorTitles":["Castle-Age new train-menu units (Camel, Cavalry Archer)"],"fullName":"Castle-Age new train-menu units (Camel, Cavalry Archer) applies the Skirmisher +4 anti-archer bonus to Cavalry Archer targets","status":"passed","title":"applies the Skirmisher +4 anti-archer bonus to Cavalry Archer targets","duration":31.305899999999383,"failureMessages":[],"meta":{}},{"ancestorTitles":["Castle-Age new train-menu units (Camel, Cavalry Archer)"],"fullName":"Castle-Age new train-menu units (Camel, Cavalry Archer) applies Fletching +1 attack / +1 range to Cavalry Archers when Fletching is researched BEFORE the unit is trained","status":"passed","title":"applies Fletching +1 attack / +1 range to Cavalry Archers when Fletching is researched BEFORE the unit is trained","duration":11559.3826,"failureMessages":[],"meta":{}},{"ancestorTitles":["Castle-Age new train-menu units (Camel, Cavalry Archer)"],"fullName":"Castle-Age new train-menu units (Camel, Cavalry Archer) applies Fletching +1 attack / +1 range to existing Cavalry Archers when Fletching is researched AFTER the unit is trained","status":"passed","title":"applies Fletching +1 attack / +1 range to existing Cavalry Archers when Fletching is researched AFTER the unit is trained","duration":11781.4443,"failureMessages":[],"meta":{}},{"ancestorTitles":["Castle-Age new train-menu units (Camel, Cavalry Archer)"],"fullName":"Castle-Age new train-menu units (Camel, Cavalry Archer) selects every owned Camel in a rect when selectOwnedUnitsByTypeInRect is called with camel","status":"passed","title":"selects every owned Camel in a rect when selectOwnedUnitsByTypeInRect is called with camel","duration":8045.831900000001,"failureMessages":[],"meta":{}}],"startTime":1777168196163,"endTime":1777168236475.8318,"status":"passed","message":"","name":"C:/Users/38909/Documents/github/aoe2/tests/simulation/castleNewUnits.test.ts"},{"assertionResults":[{"ancestorTitles":["Castle-Age production-line upgrades"],"fullName":"Castle-Age production-line upgrades researches Crossbowman at the Archery Range and swaps existing Archers to Crossbowmen","status":"passed","title":"researches Crossbowman at the Archery Range and swaps existing Archers to Crossbowmen","duration":5162.0100999999995,"failureMessages":[],"meta":{}},{"ancestorTitles":["Castle-Age production-line upgrades"],"fullName":"Castle-Age production-line upgrades reflects the upgraded unit type in render state, not just economy state","status":"passed","title":"reflects the upgraded unit type in render state, not just economy state","duration":6152.1705999999995,"failureMessages":[],"meta":{}},{"ancestorTitles":["Castle-Age production-line upgrades"],"fullName":"Castle-Age production-line upgrades leaves enemy Archers untouched when the human researches the Crossbowman upgrade","status":"passed","title":"leaves enemy Archers untouched when the human researches the Crossbowman upgrade","duration":7755.711300000001,"failureMessages":[],"meta":{}},{"ancestorTitles":["Castle-Age production-line upgrades"],"fullName":"Castle-Age production-line upgrades researches Pikeman at the Barracks and swaps existing Spearmen to Pikemen","status":"passed","title":"researches Pikeman at the Barracks and swaps existing Spearmen to Pikemen","duration":8939.822800000002,"failureMessages":[],"meta":{}},{"ancestorTitles":["Castle-Age production-line upgrades"],"fullName":"Castle-Age production-line upgrades researches Light Cavalry at the Stable and swaps existing Scout Cavalry to Light Cavalry","status":"passed","title":"researches Light Cavalry at the Stable and swaps existing Scout Cavalry to Light Cavalry","duration":9443.421199999997,"failureMessages":[],"meta":{}},{"ancestorTitles":["Castle-Age production-line upgrades"],"fullName":"Castle-Age production-line upgrades preserves the current HP ratio when an Archer is upgraded to Crossbowman mid-combat","status":"passed","title":"preserves the current HP ratio when an Archer is upgraded to Crossbowman mid-combat","duration":6749.385600000001,"failureMessages":[],"meta":{}},{"ancestorTitles":["Castle-Age production-line upgrades"],"fullName":"Castle-Age production-line upgrades removes the Archer train option and exposes the Crossbowman train option after research","status":"passed","title":"removes the Archer train option and exposes the Crossbowman train option after research","duration":11031.394099999998,"failureMessages":[],"meta":{}},{"ancestorTitles":["Castle-Age production-line upgrades"],"fullName":"Castle-Age production-line upgrades hides the upgrade option once it has been researched","status":"passed","title":"hides the upgrade option once it has been researched","duration":6294.212700000004,"failureMessages":[],"meta":{}},{"ancestorTitles":["Castle-Age production-line upgrades"],"fullName":"Castle-Age production-line upgrades rejects researching the Crossbowman upgrade while still in Feudal Age","status":"passed","title":"rejects researching the Crossbowman upgrade while still in Feudal Age","duration":33.091599999999744,"failureMessages":[],"meta":{}},{"ancestorTitles":["Castle-Age production-line upgrades"],"fullName":"Castle-Age production-line upgrades preserves the Fletching +1 attack / +1 range on Crossbowmen when Fletching was researched BEFORE the upgrade","status":"passed","title":"preserves the Fletching +1 attack / +1 range on Crossbowmen when Fletching was researched BEFORE the upgrade","duration":11108.831199999993,"failureMessages":[],"meta":{}},{"ancestorTitles":["Castle-Age production-line upgrades"],"fullName":"Castle-Age production-line upgrades gives upgraded Light Cavalry a vision radius of 6 (up from Scout 4)","status":"passed","title":"gives upgraded Light Cavalry a vision radius of 6 (up from Scout 4)","duration":8567.413100000005,"failureMessages":[],"meta":{}},{"ancestorTitles":["Castle-Age production-line upgrades"],"fullName":"Castle-Age production-line upgrades spawns newly trained Light Cavalry with vision radius 6, not the legacy hard-coded 4","status":"passed","title":"spawns newly trained Light Cavalry with vision radius 6, not the legacy hard-coded 4","duration":14052.026800000007,"failureMessages":[],"meta":{}},{"ancestorTitles":["Castle-Age production-line upgrades"],"fullName":"Castle-Age production-line upgrades keeps Crossbowman / Pikeman / Light Cavalry upgrades researchable in Imperial Age","status":"passed","title":"keeps Crossbowman / Pikeman / Light Cavalry upgrades researchable in Imperial Age","duration":33.774499999999534,"failureMessages":[],"meta":{}},{"ancestorTitles":["Castle-Age production-line upgrades"],"fullName":"Castle-Age production-line upgrades rewrites queued Archers to Crossbowmen when the upgrade finishes before they spawn","status":"passed","title":"rewrites queued Archers to Crossbowmen when the upgrade finishes before they spawn","duration":19754.168000000005,"failureMessages":[],"meta":{}},{"ancestorTitles":["Castle-Age production-line upgrades"],"fullName":"Castle-Age production-line upgrades applies the Fletching +1 attack / +1 range to Crossbowmen when Fletching is researched AFTER the upgrade","status":"passed","title":"applies the Fletching +1 attack / +1 range to Crossbowmen when Fletching is researched AFTER the upgrade","duration":11462.012399999992,"failureMessages":[],"meta":{}}],"startTime":1777167633435,"endTime":1777167759978.0125,"status":"passed","message":"","name":"C:/Users/38909/Documents/github/aoe2/tests/simulation/castleUpgrades.test.ts"},{"assertionResults":[{"ancestorTitles":["createSimulationBridge command rejection queue"],"fullName":"createSimulationBridge command rejection queue drains FIFO and returns null after all reasons have been consumed","status":"passed","title":"drains FIFO and returns null after all reasons have been consumed","duration":121.89300000000003,"failureMessages":[],"meta":{}},{"ancestorTitles":["createSimulationBridge command rejection queue"],"fullName":"createSimulationBridge command rejection queue reports the missing resource when training cannot afford the cost","status":"passed","title":"reports the missing resource when training cannot afford the cost","duration":82.78480000000002,"failureMessages":[],"meta":{}}],"startTime":1777168533855,"endTime":1777168534060.785,"status":"passed","message":"","name":"C:/Users/38909/Documents/github/aoe2/tests/simulation/commandRejection.test.ts"},{"assertionResults":[{"ancestorTitles":["createSimulationBridge age-up progression"],"fullName":"createSimulationBridge age-up progression does not offer Feudal Age research until two qualifying Dark Age buildings are complete","status":"passed","title":"does not offer Feudal Age research until two qualifying Dark Age buildings are complete","duration":54.691100000000006,"failureMessages":[],"meta":{}},{"ancestorTitles":["createSimulationBridge age-up progression"],"fullName":"createSimulationBridge age-up progression can research Feudal Age, build an Archery Range, and train an Archer","status":"passed","title":"can research Feudal Age, build an Archery Range, and train an Archer","duration":31175.0026,"failureMessages":[],"meta":{}},{"ancestorTitles":["createSimulationBridge age-up progression"],"fullName":"createSimulationBridge age-up progression does not offer Castle Age research until two qualifying Feudal buildings are complete","status":"passed","title":"does not offer Castle Age research until two qualifying Feudal buildings are complete","duration":28.081500000000233,"failureMessages":[],"meta":{}},{"ancestorTitles":["createSimulationBridge age-up progression"],"fullName":"createSimulationBridge age-up progression can research Castle Age and train a Knight","status":"passed","title":"can research Castle Age and train a Knight","duration":30965.0048,"failureMessages":[],"meta":{}},{"ancestorTitles":["createSimulationBridge age-up progression"],"fullName":"createSimulationBridge age-up progression does not offer Imperial Age research until two qualifying Castle Age buildings are complete","status":"passed","title":"does not offer Imperial Age research until two qualifying Castle Age buildings are complete","duration":31.673499999997148,"failureMessages":[],"meta":{}},{"ancestorTitles":["createSimulationBridge age-up progression"],"fullName":"createSimulationBridge age-up progression can research Imperial Age at the Town Center","status":"passed","title":"can research Imperial Age at the Town Center","duration":32211.493199999997,"failureMessages":[],"meta":{}}],"startTime":1777168039697,"endTime":1777168134164.4932,"status":"passed","message":"","name":"C:/Users/38909/Documents/github/aoe2/tests/simulation/createSimulationBridge.ageUp.test.ts"},{"assertionResults":[{"ancestorTitles":["createSimulationBridge barracks production"],"fullName":"createSimulationBridge barracks production builds a Barracks and trains a Militia from it","status":"passed","title":"builds a Barracks and trains a Militia from it","duration":13177.0916,"failureMessages":[],"meta":{}}],"startTime":1777168450985,"endTime":1777168464162.0916,"status":"passed","message":"","name":"C:/Users/38909/Documents/github/aoe2/tests/simulation/createSimulationBridge.barracks.test.ts"},{"assertionResults":[{"ancestorTitles":["createSimulationBridge core systems"],"fullName":"createSimulationBridge core systems starts with player-local visibility and nearby resources","status":"passed","title":"starts with player-local visibility and nearby resources","duration":117.00879999999998,"failureMessages":[],"meta":{}},{"ancestorTitles":["createSimulationBridge core systems"],"fullName":"createSimulationBridge core systems uses authoritative starting building footprints in economy and render state","status":"passed","title":"uses authoritative starting building footprints in economy and render state","duration":82.28439999999995,"failureMessages":[],"meta":{}},{"ancestorTitles":["createSimulationBridge core systems"],"fullName":"createSimulationBridge core systems keeps human starting units idle and stationary until commanded","status":"passed","title":"keeps human starting units idle and stationary until commanded","duration":1648.4972000000002,"failureMessages":[],"meta":{}},{"ancestorTitles":["createSimulationBridge core systems"],"fullName":"createSimulationBridge core systems projects health values for visible units and buildings and updates them during combat","status":"passed","title":"projects health values for visible units and buildings and updates them during combat","duration":105.02390000000014,"failureMessages":[],"meta":{}},{"ancestorTitles":["createSimulationBridge core systems"],"fullName":"createSimulationBridge core systems projects player-facing unit selection details for the HUD","status":"passed","title":"projects player-facing unit selection details for the HUD","duration":20.522300000000087,"failureMessages":[],"meta":{}},{"ancestorTitles":["createSimulationBridge core systems"],"fullName":"createSimulationBridge core systems projects player-facing building selection details for the HUD","status":"passed","title":"projects player-facing building selection details for the HUD","duration":73.99699999999984,"failureMessages":[],"meta":{}},{"ancestorTitles":["createSimulationBridge core systems"],"fullName":"createSimulationBridge core systems can issue a context command against an exact hostile entity id","status":"passed","title":"can issue a context command against an exact hostile entity id","duration":1903.1770000000001,"failureMessages":[],"meta":{}},{"ancestorTitles":["createSimulationBridge core systems"],"fullName":"createSimulationBridge core systems reports visibility metrics through the HUD state","status":"passed","title":"reports visibility metrics through the HUD state","duration":89.38259999999991,"failureMessages":[],"meta":{}},{"ancestorTitles":["createSimulationBridge core systems"],"fullName":"createSimulationBridge core systems counts newly trained military units toward population","status":"passed","title":"counts newly trained military units toward population","duration":4149.363800000001,"failureMessages":[],"meta":{}},{"ancestorTitles":["createSimulationBridge core systems"],"fullName":"createSimulationBridge core systems selects visible resource entities and exposes their remaining amount","status":"passed","title":"selects visible resource entities and exposes their remaining amount","duration":80.86599999999999,"failureMessages":[],"meta":{}},{"ancestorTitles":["createSimulationBridge core systems"],"fullName":"createSimulationBridge core systems projects health and attack for wild boar resources in the selection HUD","status":"passed","title":"projects health and attack for wild boar resources in the selection HUD","duration":24.292599999998856,"failureMessages":[],"meta":{}},{"ancestorTitles":["createSimulationBridge core systems"],"fullName":"createSimulationBridge core systems cycles through every selectable entity stacked on the same tile","status":"passed","title":"cycles through every selectable entity stacked on the same tile","duration":23.167999999999665,"failureMessages":[],"meta":{}},{"ancestorTitles":["createSimulationBridge core systems"],"fullName":"createSimulationBridge core systems can box-select multiple villagers and issue one move command to the whole group","status":"passed","title":"can box-select multiple villagers and issue one move command to the whole group","duration":229.89480000000003,"failureMessages":[],"meta":{}},{"ancestorTitles":["createSimulationBridge core systems"],"fullName":"createSimulationBridge core systems can select all owned on-screen units of the same type without pulling in other unit types","status":"passed","title":"can select all owned on-screen units of the same type without pulling in other unit types","duration":35.529200000000856,"failureMessages":[],"meta":{}},{"ancestorTitles":["createSimulationBridge core systems"],"fullName":"createSimulationBridge core systems selects every friendly movable unit in the drag box while ignoring buildings","status":"passed","title":"selects every friendly movable unit in the drag box while ignoring buildings","duration":664.6457000000009,"failureMessages":[],"meta":{}},{"ancestorTitles":["createSimulationBridge core systems"],"fullName":"createSimulationBridge core systems rejects invalid building placement and keeps placement mode active","status":"passed","title":"rejects invalid building placement and keeps placement mode active","duration":92.05999999999949,"failureMessages":[],"meta":{}},{"ancestorTitles":["createSimulationBridge core systems"],"fullName":"createSimulationBridge core systems rejects house placement on blocked terrain, resources, buildings, and units","status":"passed","title":"rejects house placement on blocked terrain, resources, buildings, and units","duration":25.428900000000795,"failureMessages":[],"meta":{}}],"startTime":1777168475462,"endTime":1777168484828.429,"status":"passed","message":"","name":"C:/Users/38909/Documents/github/aoe2/tests/simulation/createSimulationBridge.bootstrap.test.ts"},{"assertionResults":[{"ancestorTitles":["createSimulationBridge combat and outcomes"],"fullName":"createSimulationBridge combat and outcomes lets a selected Militia attack and kill a visible enemy scout","status":"passed","title":"lets a selected Militia attack and kill a visible enemy scout","duration":1875.8907,"failureMessages":[],"meta":{}},{"ancestorTitles":["createSimulationBridge combat and outcomes"],"fullName":"createSimulationBridge combat and outcomes lets a selected Militia attack and destroy a visible enemy house","status":"passed","title":"lets a selected Militia attack and destroy a visible enemy house","duration":3051.8369000000002,"failureMessages":[],"meta":{}},{"ancestorTitles":["createSimulationBridge combat and outcomes"],"fullName":"createSimulationBridge combat and outcomes lets the AI build a Barracks and kill a human villager","status":"passed","title":"lets the AI build a Barracks and kill a human villager","duration":9341.097000000002,"failureMessages":[],"meta":{}},{"ancestorTitles":["createSimulationBridge combat and outcomes"],"fullName":"createSimulationBridge combat and outcomes declares victory when the player destroys the last enemy structure in the conquest fixture","status":"passed","title":"declares victory when the player destroys the last enemy structure in the conquest fixture","duration":3389.2373000000007,"failureMessages":[],"meta":{}},{"ancestorTitles":["createSimulationBridge combat and outcomes"],"fullName":"createSimulationBridge combat and outcomes declares defeat when the last human structure falls in the defeat fixture","status":"passed","title":"declares defeat when the last human structure falls in the defeat fixture","duration":3646.0031000000017,"failureMessages":[],"meta":{}}],"startTime":1777168375471,"endTime":1777168396775.0032,"status":"passed","message":"","name":"C:/Users/38909/Documents/github/aoe2/tests/simulation/createSimulationBridge.combat.test.ts"},{"assertionResults":[{"ancestorTitles":["createSimulationBridge dark age economy progression"],"fullName":"createSimulationBridge dark age economy progression queues a villager at the Town Center and increases population when training completes","status":"passed","title":"queues a villager at the Town Center and increases population when training completes","duration":3684.9988000000003,"failureMessages":[],"meta":{}},{"ancestorTitles":["createSimulationBridge dark age economy progression"],"fullName":"createSimulationBridge dark age economy progression lets a selected villager place and complete a House that raises population cap","status":"passed","title":"lets a selected villager place and complete a House that raises population cap","duration":8598.786,"failureMessages":[],"meta":{}},{"ancestorTitles":["createSimulationBridge dark age economy progression"],"fullName":"createSimulationBridge dark age economy progression projects construction and completion building visuals into render state for newly placed buildings","status":"passed","title":"projects construction and completion building visuals into render state for newly placed buildings","duration":7286.576300000001,"failureMessages":[],"meta":{}},{"ancestorTitles":["createSimulationBridge dark age economy progression"],"fullName":"createSimulationBridge dark age economy progression redirects a selected villager to gather gold through an explicit context order","status":"passed","title":"redirects a selected villager to gather gold through an explicit context order","duration":9256.1145,"failureMessages":[],"meta":{}}],"startTime":1777168346396,"endTime":1777168375223.1145,"status":"passed","message":"","name":"C:/Users/38909/Documents/github/aoe2/tests/simulation/createSimulationBridge.darkAge.test.ts"},{"assertionResults":[{"ancestorTitles":["createSimulationBridge core systems"],"fullName":"createSimulationBridge core systems runs a deterministic AI villager gather and drop-off loop while human stockpiles stay unchanged","status":"passed","title":"runs a deterministic AI villager gather and drop-off loop while human stockpiles stay unchanged","duration":1466.2426,"failureMessages":[],"meta":{}},{"ancestorTitles":["createSimulationBridge core systems"],"fullName":"createSimulationBridge core systems lets a villager gather food from shoreline fish on water-adjacent cells","status":"passed","title":"lets a villager gather food from shoreline fish on water-adjacent cells","duration":604.7570000000001,"failureMessages":[],"meta":{}},{"ancestorTitles":["createSimulationBridge core systems"],"fullName":"createSimulationBridge core systems removes depleted resources from economy and render state instead of leaving zero-amount nodes behind","status":"passed","title":"removes depleted resources from economy and render state instead of leaving zero-amount nodes behind","duration":257.9901,"failureMessages":[],"meta":{}},{"ancestorTitles":["createSimulationBridge core systems"],"fullName":"createSimulationBridge core systems uses a completed Mining Camp as the villager gold drop-off point","status":"passed","title":"uses a completed Mining Camp as the villager gold drop-off point","duration":5017.8327,"failureMessages":[],"meta":{}}],"startTime":1777168494105,"endTime":1777168501451.8328,"status":"passed","message":"","name":"C:/Users/38909/Documents/github/aoe2/tests/simulation/createSimulationBridge.gatheringAndDropoff.test.ts"},{"assertionResults":[{"ancestorTitles":["createSimulationBridge production progression"],"fullName":"createSimulationBridge production progression can build an additional Town Center in Castle Age and use it to train a Villager","status":"passed","title":"can build an additional Town Center in Castle Age and use it to train a Villager","duration":9440.089899999999,"failureMessages":[],"meta":{}},{"ancestorTitles":["createSimulationBridge production progression"],"fullName":"createSimulationBridge production progression can research Fletching and apply it to existing and newly trained Archers","status":"passed","title":"can research Fletching and apply it to existing and newly trained Archers","duration":11464.499600000001,"failureMessages":[],"meta":{}},{"ancestorTitles":["createSimulationBridge production progression"],"fullName":"createSimulationBridge production progression can build a Stable in Feudal Age and train a Scout Cavalry from it","status":"passed","title":"can build a Stable in Feudal Age and train a Scout Cavalry from it","duration":11009.9384,"failureMessages":[],"meta":{}},{"ancestorTitles":["createSimulationBridge production progression"],"fullName":"createSimulationBridge production progression blocks Stable production when no safe spawn tile is available","status":"passed","title":"blocks Stable production when no safe spawn tile is available","duration":5608.0056,"failureMessages":[],"meta":{}}],"startTime":1777168275027,"endTime":1777168312551.0056,"status":"passed","message":"","name":"C:/Users/38909/Documents/github/aoe2/tests/simulation/createSimulationBridge.production.test.ts"},{"assertionResults":[{"ancestorTitles":["createSimulationBridge core systems"],"fullName":"createSimulationBridge core systems renders unit motion on a finer sub-grid while buildings stay coarse-snapped","status":"passed","title":"renders unit motion on a finer sub-grid while buildings stay coarse-snapped","duration":165.35970000000003,"failureMessages":[],"meta":{}},{"ancestorTitles":["createSimulationBridge core systems"],"fullName":"createSimulationBridge core systems relocates an initial unit spawn if the requested cell would trap it","status":"passed","title":"relocates an initial unit spawn if the requested cell would trap it","duration":157.31889999999999,"failureMessages":[],"meta":{}},{"ancestorTitles":["createSimulationBridge core systems"],"fullName":"createSimulationBridge core systems renders wandering enemy scouts on a sub-grid instead of snapping them back to coarse cells each tick","status":"passed","title":"renders wandering enemy scouts on a sub-grid instead of snapping them back to coarse cells each tick","duration":37.432399999999916,"failureMessages":[],"meta":{}},{"ancestorTitles":["createSimulationBridge core systems"],"fullName":"createSimulationBridge core systems routes units around impassable terrain and resource blockers without treating other units as hard blockers","status":"passed","title":"routes units around impassable terrain and resource blockers without treating other units as hard blockers","duration":928.7715000000001,"failureMessages":[],"meta":{}},{"ancestorTitles":["createSimulationBridge core systems"],"fullName":"createSimulationBridge core systems lets multiple friendly units share the same coarse cell while keeping distinct sub-grid render positions","status":"passed","title":"lets multiple friendly units share the same coarse cell while keeping distinct sub-grid render positions","duration":55.081699999999955,"failureMessages":[],"meta":{}},{"ancestorTitles":["createSimulationBridge core systems"],"fullName":"createSimulationBridge core systems moves to the nearest reachable cell instead of entering a blocked resource tile","status":"passed","title":"moves to the nearest reachable cell instead of entering a blocked resource tile","duration":1375.6282999999999,"failureMessages":[],"meta":{}}],"startTime":1777168515579,"endTime":1777168518298.6284,"status":"passed","message":"","name":"C:/Users/38909/Documents/github/aoe2/tests/simulation/createSimulationBridge.unitMovement.test.ts"},{"assertionResults":[{"ancestorTitles":["createSimulationBridge utility progression"],"fullName":"createSimulationBridge utility progression can train a Spearman in Feudal Age and use its anti-scout bonus to kill a visible Scout quickly","status":"passed","title":"can train a Spearman in Feudal Age and use its anti-scout bonus to kill a visible Scout quickly","duration":4595.4128,"failureMessages":[],"meta":{}},{"ancestorTitles":["createSimulationBridge utility progression"],"fullName":"createSimulationBridge utility progression can train a Skirmisher in Feudal Age and use its anti-archer bonus to kill a visible Archer quickly","status":"passed","title":"can train a Skirmisher in Feudal Age and use its anti-archer bonus to kill a visible Archer quickly","duration":6250.222400000001,"failureMessages":[],"meta":{}},{"ancestorTitles":["createSimulationBridge utility progression"],"fullName":"createSimulationBridge utility progression can build a Watch Tower in Feudal Age and let it automatically kill a nearby visible Scout","status":"passed","title":"can build a Watch Tower in Feudal Age and let it automatically kill a nearby visible Scout","duration":9679.816,"failureMessages":[],"meta":{}},{"ancestorTitles":["createSimulationBridge utility progression"],"fullName":"createSimulationBridge utility progression can garrison and ungarrison a villager through the Town Center","status":"passed","title":"can garrison and ungarrison a villager through the Town Center","duration":194.2059999999983,"failureMessages":[],"meta":{}},{"ancestorTitles":["createSimulationBridge utility progression"],"fullName":"createSimulationBridge utility progression can garrison and ungarrison a villager through a completed Watch Tower","status":"passed","title":"can garrison and ungarrison a villager through a completed Watch Tower","duration":7038.844499999999,"failureMessages":[],"meta":{}},{"ancestorTitles":["createSimulationBridge utility progression"],"fullName":"createSimulationBridge utility progression lets a garrisoned Town Center automatically kill a nearby enemy scout","status":"passed","title":"lets a garrisoned Town Center automatically kill a nearby enemy scout","duration":1466.7873999999974,"failureMessages":[],"meta":{}},{"ancestorTitles":["createSimulationBridge utility progression"],"fullName":"createSimulationBridge utility progression can build a Market in Feudal Age and exchange resources through market actions","status":"passed","title":"can build a Market in Feudal Age and exchange resources through market actions","duration":4720.5242000000035,"failureMessages":[],"meta":{}},{"ancestorTitles":["createSimulationBridge utility progression"],"fullName":"createSimulationBridge utility progression can set a rally point on a selected Archery Range so newly trained units move to it automatically","status":"passed","title":"can set a rally point on a selected Archery Range so newly trained units move to it automatically","duration":4102.2258,"failureMessages":[],"meta":{}}],"startTime":1777168236731,"endTime":1777168274780.2258,"status":"passed","message":"","name":"C:/Users/38909/Documents/github/aoe2/tests/simulation/createSimulationBridge.utility.test.ts"},{"assertionResults":[{"ancestorTitles":["createSimulationBridge core systems"],"fullName":"createSimulationBridge core systems claims neutral sheep for the player once a nearby unit moves into vision range","status":"passed","title":"claims neutral sheep for the player once a nearby unit moves into vision range","duration":151.2329,"failureMessages":[],"meta":{}},{"ancestorTitles":["createSimulationBridge core systems"],"fullName":"createSimulationBridge core systems updates sheep ownership in the same tick that a scout enters claim range","status":"passed","title":"updates sheep ownership in the same tick that a scout enters claim range","duration":108.48310000000004,"failureMessages":[],"meta":{}},{"ancestorTitles":["createSimulationBridge core systems"],"fullName":"createSimulationBridge core systems makes hostile wolves auto-aggro nearby human units and damage them","status":"passed","title":"makes hostile wolves auto-aggro nearby human units and damage them","duration":103.0729,"failureMessages":[],"meta":{}},{"ancestorTitles":["createSimulationBridge core systems"],"fullName":"createSimulationBridge core systems keeps boars neutral until provoked, then lets them retaliate against the attacker","status":"passed","title":"keeps boars neutral until provoked, then lets them retaliate against the attacker","duration":1035.1673,"failureMessages":[],"meta":{}}],"startTime":1777168524810,"endTime":1777168526209.1672,"status":"passed","message":"","name":"C:/Users/38909/Documents/github/aoe2/tests/simulation/createSimulationBridge.wildlifeAndSheep.test.ts"},{"assertionResults":[{"ancestorTitles":["default map narrow path movement"],"fullName":"default map narrow path movement each starting villager reaches the west exit target (2,8)","status":"passed","title":"each starting villager reaches the west exit target (2,8)","duration":256.7817,"failureMessages":[],"meta":{}},{"ancestorTitles":["default map narrow path movement"],"fullName":"default map narrow path movement each starting villager reaches the north exit target (8,2)","status":"passed","title":"each starting villager reaches the north exit target (8,2)","duration":330.60660000000007,"failureMessages":[],"meta":{}},{"ancestorTitles":["default map narrow path movement"],"fullName":"default map narrow path movement each starting villager reaches the south exit target (8,14)","status":"passed","title":"each starting villager reaches the south exit target (8,14)","duration":257.32439999999997,"failureMessages":[],"meta":{}},{"ancestorTitles":["default map narrow path movement"],"fullName":"default map narrow path movement each starting villager reaches the east beyond TC exit target (14,8)","status":"passed","title":"each starting villager reaches the east beyond TC exit target (14,8)","duration":311.6114,"failureMessages":[],"meta":{}}],"startTime":1777168527923,"endTime":1777168529079.6113,"status":"passed","message":"","name":"C:/Users/38909/Documents/github/aoe2/tests/simulation/defaultMapNarrowPath.test.ts"},{"assertionResults":[{"ancestorTitles":["fog memory"],"fullName":"fog memory keeps an enemy house visible as a memory entity after the scout walks out of range","status":"passed","title":"keeps an enemy house visible as a memory entity after the scout walks out of range","duration":766.1187,"failureMessages":[],"meta":{}},{"ancestorTitles":["fog memory"],"fullName":"fog memory also memorizes static resource patches that exit vision","status":"passed","title":"also memorizes static resource patches that exit vision","duration":487.8269999999999,"failureMessages":[],"meta":{}},{"ancestorTitles":["fog memory"],"fullName":"fog memory does not memorize a boar after it exits the scout's vision","status":"passed","title":"does not memorize a boar after it exits the scout's vision","duration":407.7655,"failureMessages":[],"meta":{}},{"ancestorTitles":["fog memory"],"fullName":"fog memory treats a multi-tile building as live when any cell of its footprint is visible","status":"passed","title":"treats a multi-tile building as live when any cell of its footprint is visible","duration":54.90090000000009,"failureMessages":[],"meta":{}},{"ancestorTitles":["fog memory"],"fullName":"fog memory rejects entity commands targeting a fog-of-war-hidden enemy entity","status":"passed","title":"rejects entity commands targeting a fog-of-war-hidden enemy entity","duration":399.5330999999999,"failureMessages":[],"meta":{}}],"startTime":1777168518548,"endTime":1777168520664.5332,"status":"passed","message":"","name":"C:/Users/38909/Documents/github/aoe2/tests/simulation/fogMemory.test.ts"},{"assertionResults":[{"ancestorTitles":["FU3 Castle garrisoned-archer extra arrows"],"fullName":"FU3 Castle garrisoned-archer extra arrows Castle with no garrisoned archers fires a single arrow per reload","status":"passed","title":"Castle with no garrisoned archers fires a single arrow per reload","duration":275.93649999999997,"failureMessages":[],"meta":{}},{"ancestorTitles":["FU3 Castle garrisoned-archer extra arrows"],"fullName":"FU3 Castle garrisoned-archer extra arrows Castle with 3 archers garrisoned fires 4 arrows per reload cycle","status":"passed","title":"Castle with 3 archers garrisoned fires 4 arrows per reload cycle","duration":262.87649999999996,"failureMessages":[],"meta":{}},{"ancestorTitles":["FU3 Castle garrisoned-archer extra arrows"],"fullName":"FU3 Castle garrisoned-archer extra arrows Castle with 5 archers garrisoned caps at 5 arrows per reload cycle","status":"passed","title":"Castle with 5 archers garrisoned caps at 5 arrows per reload cycle","duration":298.8133,"failureMessages":[],"meta":{}},{"ancestorTitles":["FU3 Closest-edge range for large buildings"],"fullName":"FU3 Closest-edge range for large buildings Castle fires on a target whose nearest-footprint-cell distance is within range but anchor distance is not","status":"passed","title":"Castle fires on a target whose nearest-footprint-cell distance is within range but anchor distance is not","duration":34.123400000000174,"failureMessages":[],"meta":{}},{"ancestorTitles":["FU3 Stone Wall building"],"fullName":"FU3 Stone Wall building Castle-Age villager sees stone-wall in build options","status":"passed","title":"Castle-Age villager sees stone-wall in build options","duration":20.05100000000016,"failureMessages":[],"meta":{}},{"ancestorTitles":["FU3 Stone Wall building"],"fullName":"FU3 Stone Wall building Feudal-Age villager does NOT see stone-wall in build options","status":"passed","title":"Feudal-Age villager does NOT see stone-wall in build options","duration":19.934099999999944,"failureMessages":[],"meta":{}},{"ancestorTitles":["FU3 Stone Wall building"],"fullName":"FU3 Stone Wall building placed stone-wall cell is impassable to unit placement and construction","status":"passed","title":"placed stone-wall cell is impassable to unit placement and construction","duration":19.878600000000006,"failureMessages":[],"meta":{}},{"ancestorTitles":["FU3 Stone Wall building"],"fullName":"FU3 Stone Wall building stone-wall can be attacked and destroyed","status":"passed","title":"stone-wall can be attacked and destroyed","duration":33.00280000000021,"failureMessages":[],"meta":{}},{"ancestorTitles":["FU3 Stone Wall building"],"fullName":"FU3 Stone Wall building Arena map uses real stone-wall buildings around each start","status":"passed","title":"Arena map uses real stone-wall buildings around each start","duration":79.91039999999998,"failureMessages":[],"meta":{}},{"ancestorTitles":["FU3 Palisade Wall building"],"fullName":"FU3 Palisade Wall building Feudal-Age villager with a Barracks sees palisade-wall in build options","status":"passed","title":"Feudal-Age villager with a Barracks sees palisade-wall in build options","duration":21.927299999999832,"failureMessages":[],"meta":{}}],"startTime":1777168530680,"endTime":1777168531747.9272,"status":"passed","message":"","name":"C:/Users/38909/Documents/github/aoe2/tests/simulation/fu3DefensiveFire.test.ts"},{"assertionResults":[{"ancestorTitles":["Imperial-Age Siege Workshop upgrades"],"fullName":"Imperial-Age Siege Workshop upgrades exposes Onager, Heavy Scorpion, and Siege Ram research options at the Siege Workshop in Imperial Age","status":"passed","title":"exposes Onager, Heavy Scorpion, and Siege Ram research options at the Siege Workshop in Imperial Age","duration":56.515499999999975,"failureMessages":[],"meta":{}},{"ancestorTitles":["Imperial-Age Siege Workshop upgrades"],"fullName":"Imperial-Age Siege Workshop upgrades researches Onager at the Siege Workshop and swaps existing Mangonels to Onager","status":"passed","title":"researches Onager at the Siege Workshop and swaps existing Mangonels to Onager","duration":9514.9833,"failureMessages":[],"meta":{}},{"ancestorTitles":["Imperial-Age Siege Workshop upgrades"],"fullName":"Imperial-Age Siege Workshop upgrades exposes Onager in the Siege Workshop train menu after research (drops Mangonel)","status":"passed","title":"exposes Onager in the Siege Workshop train menu after research (drops Mangonel)","duration":10083.9931,"failureMessages":[],"meta":{}},{"ancestorTitles":["Imperial-Age Siege Workshop upgrades"],"fullName":"Imperial-Age Siege Workshop upgrades holds Onager fire when the target is inside its minimum range of 3","status":"passed","title":"holds Onager fire when the target is inside its minimum range of 3","duration":328.7537000000011,"failureMessages":[],"meta":{}},{"ancestorTitles":["Imperial-Age Siege Workshop upgrades"],"fullName":"Imperial-Age Siege Workshop upgrades researches Heavy Scorpion at the Siege Workshop and swaps existing Scorpions","status":"passed","title":"researches Heavy Scorpion at the Siege Workshop and swaps existing Scorpions","duration":9310.6411,"failureMessages":[],"meta":{}},{"ancestorTitles":["Imperial-Age Siege Workshop upgrades"],"fullName":"Imperial-Age Siege Workshop upgrades swaps the Scorpion train option for Heavy Scorpion after research","status":"passed","title":"swaps the Scorpion train option for Heavy Scorpion after research","duration":9356.310100000002,"failureMessages":[],"meta":{}},{"ancestorTitles":["Imperial-Age Siege Workshop upgrades"],"fullName":"Imperial-Age Siege Workshop upgrades researches Siege Ram at the Siege Workshop and swaps existing Battering Rams","status":"passed","title":"researches Siege Ram at the Siege Workshop and swaps existing Battering Rams","duration":9679.2336,"failureMessages":[],"meta":{}},{"ancestorTitles":["Imperial-Age Siege Workshop upgrades"],"fullName":"Imperial-Age Siege Workshop upgrades swaps the Battering Ram train option for Siege Ram after research","status":"passed","title":"swaps the Battering Ram train option for Siege Ram after research","duration":9894.696799999998,"failureMessages":[],"meta":{}},{"ancestorTitles":["Imperial-Age Siege Workshop upgrades"],"fullName":"Imperial-Age Siege Workshop upgrades deals +250 bonus damage when a Siege Ram attacks a building (upgraded from Battering Ram +75)","status":"passed","title":"deals +250 bonus damage when a Siege Ram attacks a building (upgraded from Battering Ram +75)","duration":103.52419999999984,"failureMessages":[],"meta":{}},{"ancestorTitles":["Bombard Cannon"],"fullName":"Bombard Cannon appears in the Siege Workshop train menu at Imperial Age","status":"passed","title":"appears in the Siege Workshop train menu at Imperial Age","duration":21.137599999994563,"failureMessages":[],"meta":{}},{"ancestorTitles":["Bombard Cannon"],"fullName":"Bombard Cannon deals +80 bonus damage against buildings at long range","status":"passed","title":"deals +80 bonus damage against buildings at long range","duration":1349.4930000000022,"failureMessages":[],"meta":{}},{"ancestorTitles":["Bombard Cannon"],"fullName":"Bombard Cannon holds fire when the target is inside its minimum range of 5","status":"passed","title":"holds fire when the target is inside its minimum range of 5","duration":615.8078999999998,"failureMessages":[],"meta":{}},{"ancestorTitles":["Trebuchet"],"fullName":"Trebuchet appears in the Castle train menu at Imperial Age regardless of civilization","status":"passed","title":"appears in the Castle train menu at Imperial Age regardless of civilization","duration":30.360899999999674,"failureMessages":[],"meta":{}}],"startTime":1777168135561,"endTime":1777168195910.3608,"status":"passed","message":"","name":"C:/Users/38909/Documents/github/aoe2/tests/simulation/imperialSiege.test.ts"},{"assertionResults":[{"ancestorTitles":["Imperial-Age Archery Range upgrades"],"fullName":"Imperial-Age Archery Range upgrades exposes Arbalest and Heavy Cavalry Archer research options at the Archery Range in Imperial Age","status":"passed","title":"exposes Arbalest and Heavy Cavalry Archer research options at the Archery Range in Imperial Age","duration":56.79669999999999,"failureMessages":[],"meta":{}},{"ancestorTitles":["Imperial-Age Archery Range upgrades"],"fullName":"Imperial-Age Archery Range upgrades researches Arbalest at the Archery Range and swaps existing Crossbowmen to Arbalest","status":"passed","title":"researches Arbalest at the Archery Range and swaps existing Crossbowmen to Arbalest","duration":5333.1383,"failureMessages":[],"meta":{}},{"ancestorTitles":["Imperial-Age Archery Range upgrades"],"fullName":"Imperial-Age Archery Range upgrades trains Arbalest after the Arbalest upgrade (train menu exposes Arbalest, drops archer-line predecessors)","status":"passed","title":"trains Arbalest after the Arbalest upgrade (train menu exposes Arbalest, drops archer-line predecessors)","duration":8646.996299999999,"failureMessages":[],"meta":{}},{"ancestorTitles":["Imperial-Age Archery Range upgrades"],"fullName":"Imperial-Age Archery Range upgrades researches Heavy Cavalry Archer and swaps existing Cavalry Archers","status":"passed","title":"researches Heavy Cavalry Archer and swaps existing Cavalry Archers","duration":7098.993,"failureMessages":[],"meta":{}},{"ancestorTitles":["Imperial-Age Archery Range upgrades"],"fullName":"Imperial-Age Archery Range upgrades swaps the Cavalry Archer train option for Heavy Cavalry Archer after research","status":"passed","title":"swaps the Cavalry Archer train option for Heavy Cavalry Archer after research","duration":6737.7582,"failureMessages":[],"meta":{}},{"ancestorTitles":["Imperial-Age Archery Range upgrades"],"fullName":"Imperial-Age Archery Range upgrades applies Fletching +1 attack / +1 range to Arbalest after the upgrade","status":"passed","title":"applies Fletching +1 attack / +1 range to Arbalest after the upgrade","duration":9666.1551,"failureMessages":[],"meta":{}},{"ancestorTitles":["Imperial-Age Barracks upgrades"],"fullName":"Imperial-Age Barracks upgrades exposes Halberdier and Champion research options at the Barracks in Imperial Age","status":"passed","title":"exposes Halberdier and Champion research options at the Barracks in Imperial Age","duration":23.651599999997416,"failureMessages":[],"meta":{}},{"ancestorTitles":["Imperial-Age Barracks upgrades"],"fullName":"Imperial-Age Barracks upgrades researches Halberdier at the Barracks and swaps existing Pikemen to Halberdier","status":"passed","title":"researches Halberdier at the Barracks and swaps existing Pikemen to Halberdier","duration":5794.062099999996,"failureMessages":[],"meta":{}},{"ancestorTitles":["Imperial-Age Barracks upgrades"],"fullName":"Imperial-Age Barracks upgrades exposes Halberdier in the Barracks train menu after the Halberdier upgrade (drops spearman-line predecessors)","status":"passed","title":"exposes Halberdier in the Barracks train menu after the Halberdier upgrade (drops spearman-line predecessors)","duration":5724.053700000004,"failureMessages":[],"meta":{}},{"ancestorTitles":["Imperial-Age Barracks upgrades"],"fullName":"Imperial-Age Barracks upgrades researches Champion and swaps existing Militia to Champion","status":"passed","title":"researches Champion and swaps existing Militia to Champion","duration":6609.269,"failureMessages":[],"meta":{}},{"ancestorTitles":["Imperial-Age Barracks upgrades"],"fullName":"Imperial-Age Barracks upgrades swaps the Militia train option for Champion after research","status":"passed","title":"swaps the Militia train option for Champion after research","duration":6404.027300000002,"failureMessages":[],"meta":{}},{"ancestorTitles":["Halberdier anti-cavalry bonus"],"fullName":"Halberdier anti-cavalry bonus deals more damage to a Knight than a Pikeman does","status":"passed","title":"deals more damage to a Knight than a Pikeman does","duration":64.59480000000622,"failureMessages":[],"meta":{}},{"ancestorTitles":["Imperial-Age Stable upgrades"],"fullName":"Imperial-Age Stable upgrades exposes Hussar and Cavalier research options at the Stable in Imperial Age","status":"passed","title":"exposes Hussar and Cavalier research options at the Stable in Imperial Age","duration":19.019000000000233,"failureMessages":[],"meta":{}},{"ancestorTitles":["Imperial-Age Stable upgrades"],"fullName":"Imperial-Age Stable upgrades researches Hussar and swaps existing Light Cavalry to Hussar with vision bump","status":"passed","title":"researches Hussar and swaps existing Light Cavalry to Hussar with vision bump","duration":5797.899399999995,"failureMessages":[],"meta":{}},{"ancestorTitles":["Imperial-Age Stable upgrades"],"fullName":"Imperial-Age Stable upgrades researches Cavalier and swaps existing Knights to Cavalier","status":"passed","title":"researches Cavalier and swaps existing Knights to Cavalier","duration":5767.926599999992,"failureMessages":[],"meta":{}},{"ancestorTitles":["Imperial-Age Stable upgrades"],"fullName":"Imperial-Age Stable upgrades swaps the Scout slot for Hussar after Hussar research (drops Light Cavalry + Scout from menu)","status":"passed","title":"swaps the Scout slot for Hussar after Hussar research (drops Light Cavalry + Scout from menu)","duration":5814.030799999993,"failureMessages":[],"meta":{}},{"ancestorTitles":["Imperial-Age Stable upgrades"],"fullName":"Imperial-Age Stable upgrades swaps the Knight slot for Cavalier after Cavalier research","status":"passed","title":"swaps the Knight slot for Cavalier after Cavalier research","duration":5925.2937999999995,"failureMessages":[],"meta":{}},{"ancestorTitles":["Anti-cavalry bonuses vs Hussar and Cavalier"],"fullName":"Anti-cavalry bonuses vs Hussar and Cavalier applies Camel's +9 anti-cavalry bonus to a Hussar","status":"passed","title":"applies Camel's +9 anti-cavalry bonus to a Hussar","duration":33.754100000005565,"failureMessages":[],"meta":{}},{"ancestorTitles":["Anti-cavalry bonuses vs Hussar and Cavalier"],"fullName":"Anti-cavalry bonuses vs Hussar and Cavalier applies Halberdier's +28 anti-cavalry bonus to a Cavalier","status":"passed","title":"applies Halberdier's +28 anti-cavalry bonus to a Cavalier","duration":30.357399999993504,"failureMessages":[],"meta":{}},{"ancestorTitles":["Imperial-Age Castle upgrade (Britons-gated Elite Longbowman)"],"fullName":"Imperial-Age Castle upgrade (Britons-gated Elite Longbowman) exposes elite-longbowman-upgrade at the Castle for a Britons owner in Imperial Age","status":"passed","title":"exposes elite-longbowman-upgrade at the Castle for a Britons owner in Imperial Age","duration":20.15230000000156,"failureMessages":[],"meta":{}},{"ancestorTitles":["Imperial-Age Castle upgrade (Britons-gated Elite Longbowman)"],"fullName":"Imperial-Age Castle upgrade (Britons-gated Elite Longbowman) does not expose elite-longbowman-upgrade at the Castle for a non-Britons owner","status":"passed","title":"does not expose elite-longbowman-upgrade at the Castle for a non-Britons owner","duration":18.572200000009616,"failureMessages":[],"meta":{}},{"ancestorTitles":["Imperial-Age Castle upgrade (Britons-gated Elite Longbowman)"],"fullName":"Imperial-Age Castle upgrade (Britons-gated Elite Longbowman) researches Elite Longbowman at the Castle and swaps existing Longbowmen","status":"passed","title":"researches Elite Longbowman at the Castle and swaps existing Longbowmen","duration":6904.979000000007,"failureMessages":[],"meta":{}},{"ancestorTitles":["Imperial-Age Castle upgrade (Britons-gated Elite Longbowman)"],"fullName":"Imperial-Age Castle upgrade (Britons-gated Elite Longbowman) exposes Elite Longbowman in the Castle train menu after the upgrade (drops Longbowman)","status":"passed","title":"exposes Elite Longbowman in the Castle train menu after the upgrade (drops Longbowman)","duration":6669.8459,"failureMessages":[],"meta":{}},{"ancestorTitles":["Imperial-Age Castle upgrade (Britons-gated Elite Longbowman)"],"fullName":"Imperial-Age Castle upgrade (Britons-gated Elite Longbowman) applies Fletching +1 attack / +1 range to Elite Longbowman","status":"passed","title":"applies Fletching +1 attack / +1 range to Elite Longbowman","duration":10084.466799999995,"failureMessages":[],"meta":{}},{"ancestorTitles":["Imperial-Age Blacksmith upgrades"],"fullName":"Imperial-Age Blacksmith upgrades exposes Bracer / Blast Furnace / Plate Mail Armor / Plate Barding at the Blacksmith in Imperial Age","status":"passed","title":"exposes Bracer / Blast Furnace / Plate Mail Armor / Plate Barding at the Blacksmith in Imperial Age","duration":22.338000000003376,"failureMessages":[],"meta":{}},{"ancestorTitles":["Imperial-Age Blacksmith upgrades"],"fullName":"Imperial-Age Blacksmith upgrades does not expose Imperial Blacksmith techs before Imperial Age","status":"passed","title":"does not expose Imperial Blacksmith techs before Imperial Age","duration":19.659400000004098,"failureMessages":[],"meta":{}},{"ancestorTitles":["Imperial-Age Blacksmith upgrades"],"fullName":"Imperial-Age Blacksmith upgrades stacks Bracer on top of the base Arbalest stats","status":"passed","title":"stacks Bracer on top of the base Arbalest stats","duration":14107.352299999999,"failureMessages":[],"meta":{}},{"ancestorTitles":["Imperial-Age Blacksmith upgrades"],"fullName":"Imperial-Age Blacksmith upgrades stacks Bracer on top of Fletching (Arbalest atk = base + 2, range = base + 2)","status":"passed","title":"stacks Bracer on top of Fletching (Arbalest atk = base + 2, range = base + 2)","duration":9208.661200000002,"failureMessages":[],"meta":{}},{"ancestorTitles":["Imperial-Age Blacksmith upgrades"],"fullName":"Imperial-Age Blacksmith upgrades gives Champion +2 attack via Blast Furnace","status":"passed","title":"gives Champion +2 attack via Blast Furnace","duration":6914.2119999999995,"failureMessages":[],"meta":{}},{"ancestorTitles":["Imperial-Age Blacksmith upgrades"],"fullName":"Imperial-Age Blacksmith upgrades gives Halberdier +1 armor via Plate Mail Armor","status":"passed","title":"gives Halberdier +1 armor via Plate Mail Armor","duration":6878.864100000006,"failureMessages":[],"meta":{}},{"ancestorTitles":["Imperial-Age Blacksmith upgrades"],"fullName":"Imperial-Age Blacksmith upgrades gives Cavalier +1 armor via Plate Barding","status":"passed","title":"gives Cavalier +1 armor via Plate Barding","duration":7235.3404000000155,"failureMessages":[],"meta":{}}],"startTime":1777167479549,"endTime":1777167633187.3403,"status":"passed","message":"","name":"C:/Users/38909/Documents/github/aoe2/tests/simulation/imperialUpgrades.test.ts"},{"assertionResults":[{"ancestorTitles":["Militia-line intermediate tiers at Barracks"],"fullName":"Militia-line intermediate tiers at Barracks Man-at-Arms upgrade mutates Militia in place and swaps the Barracks train option","status":"passed","title":"Man-at-Arms upgrade mutates Militia in place and swaps the Barracks train option","duration":5454.5747,"failureMessages":[],"meta":{}},{"ancestorTitles":["Militia-line intermediate tiers at Barracks"],"fullName":"Militia-line intermediate tiers at Barracks Long Swordsman upgrade mutates Man-at-Arms in place after Man-at-Arms is researched","status":"passed","title":"Long Swordsman upgrade mutates Man-at-Arms in place after Man-at-Arms is researched","duration":14981.468299999999,"failureMessages":[],"meta":{}},{"ancestorTitles":["Militia-line intermediate tiers at Barracks"],"fullName":"Militia-line intermediate tiers at Barracks Two-Handed Swordsman upgrade mutates Long Swordsman in place after Long Swordsman is researched","status":"passed","title":"Two-Handed Swordsman upgrade mutates Long Swordsman in place after Long Swordsman is researched","duration":24279.8002,"failureMessages":[],"meta":{}},{"ancestorTitles":["Militia-line intermediate tiers at Barracks"],"fullName":"Militia-line intermediate tiers at Barracks Champion upgrade mutates a Two-Handed Swordsman to Champion after the full chain","status":"passed","title":"Champion upgrade mutates a Two-Handed Swordsman to Champion after the full chain","duration":33094.033599999995,"failureMessages":[],"meta":{}},{"ancestorTitles":["Militia-line intermediate tiers at Barracks"],"fullName":"Militia-line intermediate tiers at Barracks Champion upgrade also mutates a Militia that never passed through the intermediate tiers","status":"passed","title":"Champion upgrade also mutates a Militia that never passed through the intermediate tiers","duration":10106.232499999998,"failureMessages":[],"meta":{}},{"ancestorTitles":["Paladin upgrade at Stable"],"fullName":"Paladin upgrade at Stable exposes Paladin research at the Stable after Cavalier is researched","status":"passed","title":"exposes Paladin research at the Stable after Cavalier is researched","duration":19392.1826,"failureMessages":[],"meta":{}},{"ancestorTitles":["Paladin upgrade at Stable"],"fullName":"Paladin upgrade at Stable swaps the Knight / Cavalier train option for Paladin after Paladin research","status":"passed","title":"swaps the Knight / Cavalier train option for Paladin after Paladin research","duration":18375.5104,"failureMessages":[],"meta":{}},{"ancestorTitles":["Heavy Camel upgrade at Stable"],"fullName":"Heavy Camel upgrade at Stable mutates a Camel to Heavy Camel with +2 attack / +20 HP","status":"passed","title":"mutates a Camel to Heavy Camel with +2 attack / +20 HP","duration":8356.96620000001,"failureMessages":[],"meta":{}},{"ancestorTitles":["Heavy Camel upgrade at Stable"],"fullName":"Heavy Camel upgrade at Stable preserves the +9 anti-cavalry bonus when attacking a Knight","status":"passed","title":"preserves the +9 anti-cavalry bonus when attacking a Knight","duration":91.13570000001346,"failureMessages":[],"meta":{}}],"startTime":1777167905320,"endTime":1777168039456.1357,"status":"passed","message":"","name":"C:/Users/38909/Documents/github/aoe2/tests/simulation/militiaLineProgression.test.ts"},{"assertionResults":[{"ancestorTitles":["Slice 5 Monastery + Monks + Relics"],"fullName":"Slice 5 Monastery + Monks + Relics exposes Monastery in a villager placement menu at Castle Age","status":"passed","title":"exposes Monastery in a villager placement menu at Castle Age","duration":55.66379999999998,"failureMessages":[],"meta":{}},{"ancestorTitles":["Slice 5 Monastery + Monks + Relics"],"fullName":"Slice 5 Monastery + Monks + Relics does not offer Monastery while still in Feudal Age","status":"passed","title":"does not offer Monastery while still in Feudal Age","duration":30.8408,"failureMessages":[],"meta":{}},{"ancestorTitles":["Slice 5 Monastery + Monks + Relics"],"fullName":"Slice 5 Monastery + Monks + Relics exposes Monk in the Monastery train menu at Castle Age","status":"passed","title":"exposes Monk in the Monastery train menu at Castle Age","duration":25.279299999999978,"failureMessages":[],"meta":{}},{"
[...]
mangonel","duration":31.282100000000355,"failureMessages":[],"meta":{}},{"ancestorTitles":["Slice 4 Siege Workshop + siege units"],"fullName":"Slice 4 Siege Workshop + siege units lets a Scorpion hit a distant Spearman at range 7 without closing","status":"passed","title":"lets a Scorpion hit a distant Spearman at range 7 without closing","duration":47.000599999999395,"failureMessages":[],"meta":{}}],"startTime":1777168501707,"endTime":1777168509171.0005,"status":"passed","message":"","name":"C:/Users/38909/Documents/github/aoe2/tests/simulation/siegeWorkshop.test.ts"},{"assertionResults":[{"ancestorTitles":["findSafeSpawnWithEgress"],"fullName":"findSafeSpawnWithEgress returns the first candidate that is passable and has a passable neighbor","status":"passed","title":"returns the first candidate that is passable and has a passable neighbor","duration":1.040300000000002,"failureMessages":[],"meta":{}},{"ancestorTitles":["findSafeSpawnWithEgress"],"fullName":"findSafeSpawnWithEgress skips candidates that are passable but have no passable neighbor","status":"passed","title":"skips candidates that are passable but have no passable neighbor","duration":0.18649999999999523,"failureMessages":[],"meta":{}},{"ancestorTitles":["findSafeSpawnWithEgress"],"fullName":"findSafeSpawnWithEgress returns null when every candidate is blocked or wedged","status":"passed","title":"returns null when every candidate is blocked or wedged","duration":0.11129999999999995,"failureMessages":[],"meta":{}},{"ancestorTitles":["findSafeSpawnWithEgress"],"fullName":"findSafeSpawnWithEgress returns null when the candidate list is empty","status":"passed","title":"returns null when the candidate list is empty","duration":0.06219999999999004,"failureMessages":[],"meta":{}},{"ancestorTitles":["hasSpawnEgress"],"fullName":"hasSpawnEgress returns false when the candidate cell itself is not passable","status":"passed","title":"returns false when the candidate cell itself is not passable","duration":0.1816000000000031,"failureMessages":[],"meta":{}},{"ancestorTitles":["hasSpawnEgress"],"fullName":"hasSpawnEgress returns false when passable but no cardinal neighbor is passable","status":"passed","title":"returns false when passable but no cardinal neighbor is passable","duration":0.10029999999997585,"failureMessages":[],"meta":{}},{"ancestorTitles":["hasSpawnEgress"],"fullName":"hasSpawnEgress returns true when passable and at least one cardinal neighbor is passable","status":"passed","title":"returns true when passable and at least one cardinal neighbor is passable","duration":0.069500000000005,"failureMessages":[],"meta":{}}],"startTime":1777168536339,"endTime":1777168536341.1816,"status":"passed","message":"","name":"C:/Users/38909/Documents/github/aoe2/tests/simulation/spawn.test.ts"},{"assertionResults":[{"ancestorTitles":["FU7 Trebuchet pack/unpack"],"fullName":"FU7 Trebuchet pack/unpack a freshly-placed Trebuchet is packed and moves immediately when given a move order","status":"passed","title":"a freshly-placed Trebuchet is packed and moves immediately when given a move order","duration":84.49159999999998,"failureMessages":[],"meta":{}},{"ancestorTitles":["FU7 Trebuchet pack/unpack"],"fullName":"FU7 Trebuchet pack/unpack a Trebuchet auto-unpacks (~50 ticks) before firing on an enemy building in range","status":"passed","title":"a Trebuchet auto-unpacks (~50 ticks) before firing on an enemy building in range","duration":638.7642999999999,"failureMessages":[],"meta":{}},{"ancestorTitles":["FU7 Trebuchet pack/unpack"],"fullName":"FU7 Trebuchet pack/unpack an unpacked Trebuchet that receives a move order stays put for the pack transition","status":"passed","title":"an unpacked Trebuchet that receives a move order stays put for the pack transition","duration":1251.5781000000002,"failureMessages":[],"meta":{}}],"startTime":1777168520910,"endTime":1777168522884.5781,"status":"passed","message":"","name":"C:/Users/38909/Documents/github/aoe2/tests/simulation/trebuchetPackUnpack.test.ts"},{"assertionResults":[{"ancestorTitles":["Slice 8 Wonder, Relic, Score win conditions","Task A — Wonder placement"],"fullName":"Slice 8 Wonder, Relic, Score win conditions Task A — Wonder placement exposes Wonder in the villager build menu at Imperial Age","status":"passed","title":"exposes Wonder in the villager build menu at Imperial Age","duration":54.32710000000003,"failureMessages":[],"meta":{}},{"ancestorTitles":["Slice 8 Wonder, Relic, Score win conditions","Task A — Wonder placement"],"fullName":"Slice 8 Wonder, Relic, Score win conditions Task A — Wonder placement does not expose Wonder in Castle Age","status":"passed","title":"does not expose Wonder in Castle Age","duration":28.06389999999999,"failureMessages":[],"meta":{}},{"ancestorTitles":["Slice 8 Wonder, Relic, Score win conditions","Task A — Wonder placement"],"fullName":"Slice 8 Wonder, Relic, Score win conditions Task A — Wonder placement only allows one Wonder per owner at a time","status":"passed","title":"only allows one Wonder per owner at a time","duration":24.987099999999998,"failureMessages":[],"meta":{}},{"ancestorTitles":["Slice 8 Wonder, Relic, Score win conditions","Task B — Wonder victory countdown"],"fullName":"Slice 8 Wonder, Relic, Score win conditions Task B — Wonder victory countdown awards a Wonder victory when the countdown expires while the Wonder stands","status":"passed","title":"awards a Wonder victory when the countdown expires while the Wonder stands","duration":151.06670000000003,"failureMessages":[],"meta":{}},{"ancestorTitles":["Slice 8 Wonder, Relic, Score win conditions","Task B — Wonder victory countdown"],"fullName":"Slice 8 Wonder, Relic, Score win conditions Task B — Wonder victory countdown does not award Wonder victory when the Wonder is destroyed mid-countdown","status":"passed","title":"does not award Wonder victory when the Wonder is destroyed mid-countdown","duration":718.7979999999999,"failureMessages":[],"meta":{}},{"ancestorTitles":["Slice 8 Wonder, Relic, Score win conditions","Task C — Relic victory countdown"],"fullName":"Slice 8 Wonder, Relic, Score win conditions Task C — Relic victory countdown awards a Relic victory when one player holds every relic for the countdown","status":"passed","title":"awards a Relic victory when one player holds every relic for the countdown","duration":136.2953,"failureMessages":[],"meta":{}},{"ancestorTitles":["Slice 8 Wonder, Relic, Score win conditions","Task C — Relic victory countdown"],"fullName":"Slice 8 Wonder, Relic, Score win conditions Task C — Relic victory countdown does not start a Relic countdown when a live neutral relic remains on the map","status":"passed","title":"does not start a Relic countdown when a live neutral relic remains on the map","duration":690.0158000000001,"failureMessages":[],"meta":{}},{"ancestorTitles":["Slice 8 Wonder, Relic, Score win conditions","Task D — Score summary"],"fullName":"Slice 8 Wonder, Relic, Score win conditions Task D — Score summary computes per-owner scores at match end after a conquest victory","status":"passed","title":"computes per-owner scores at match end after a conquest victory","duration":2974.5785,"failureMessages":[],"meta":{}},{"ancestorTitles":["Slice 8 Wonder, Relic, Score win conditions"],"fullName":"Slice 8 Wonder, Relic, Score win conditions exposes Wonder victory condition for the human winner via the HUD match state","status":"passed","title":"exposes Wonder victory condition for the human winner via the HUD match state","duration":196.0068000000001,"failureMessages":[],"meta":{}},{"ancestorTitles":["Slice 8 Wonder, Relic, Score win conditions","FU7 explicit lastCompletedTick tie-break"],"fullName":"Slice 8 Wonder, Relic, Score win conditions FU7 explicit lastCompletedTick tie-break awards Wonder victory when both the Wonder and Relic countdowns expire on the same tick","status":"passed","title":"awards Wonder victory when both the Wonder and Relic countdowns expire on the same tick","duration":176.35800000000017,"failureMessages":[],"meta":{}},{"ancestorTitles":["Slice 8 Wonder, Relic, Score win conditions","FU7 score weight tuning"],"fullName":"Slice 8 Wonder, Relic, Score win conditions FU7 score weight tuning reflects the new weights in the final score summary after a conquest victory","status":"passed","title":"reflects the new weights in the final score summary after a conquest victory","duration":3605.568900000001,"failureMessages":[],"meta":{}},{"ancestorTitles":["Slice 8 Wonder, Relic, Score win conditions","FU7 score weight tuning"],"fullName":"Slice 8 Wonder, Relic, Score win conditions FU7 score weight tuning credits military kills in the score when a unit dies in combat","status":"passed","title":"credits military kills in the score when a unit dies in combat","duration":151.80399999999827,"failureMessages":[],"meta":{}},{"ancestorTitles":["Slice 8 Wonder, Relic, Score win conditions","FU7 Wonder ownership vs Monk conversion"],"fullName":"Slice 8 Wonder, Relic, Score win conditions FU7 Wonder ownership vs Monk conversion keeps the Wonder owner intact when a Monk converts a villager standing next to the Wonder","status":"passed","title":"keeps the Wonder owner intact when a Monk converts a villager standing next to the Wonder","duration":1855.6957000000002,"failureMessages":[],"meta":{}}],"startTime":1777168464421,"endTime":1777168475187.6958,"status":"passed","message":"","name":"C:/Users/38909/Documents/github/aoe2/tests/simulation/winConditions.test.ts"},{"assertionResults":[{"ancestorTitles":["createWorldOccupancy"],"fullName":"createWorldOccupancy tracks terrain, building, and resource blockers while keeping unit crowding separate","status":"passed","title":"tracks terrain, building, and resource blockers while keeping unit crowding separate","duration":2.381699999999995,"failureMessages":[],"meta":{}},{"ancestorTitles":["createWorldOccupancy"],"fullName":"createWorldOccupancy keeps overlapping whole-cell blockers queryable through the overflow fallback","status":"passed","title":"keeps overlapping whole-cell blockers queryable through the overflow fallback","duration":0.42849999999998545,"failureMessages":[],"meta":{}},{"ancestorTitles":["createWorldOccupancy"],"fullName":"createWorldOccupancy releases every cell in a multi-cell building footprint","status":"passed","title":"releases every cell in a multi-cell building footprint","duration":0.24090000000001055,"failureMessages":[],"meta":{}},{"ancestorTitles":["createWorldOccupancy"],"fullName":"createWorldOccupancy lets wildlife ignore its own resource blocker while still respecting other blockers","status":"passed","title":"lets wildlife ignore its own resource blocker while still respecting other blockers","duration":0.2621000000000038,"failureMessages":[],"meta":{}},{"ancestorTitles":["createWorldOccupancy"],"fullName":"createWorldOccupancy releases unit crowding when the unit leaves the world cell","status":"passed","title":"releases unit crowding when the unit leaves the world cell","duration":0.194500000000005,"failureMessages":[],"meta":{}},{"ancestorTitles":["createWorldOccupancy"],"fullName":"createWorldOccupancy clears occupancy on reset and treats out-of-bounds cells as blocked","status":"passed","title":"clears occupancy on reset and treats out-of-bounds cells as blocked","duration":0.33959999999999013,"failureMessages":[],"meta":{}}],"startTime":1777168535678,"endTime":1777168535682.3396,"status":"passed","message":"","name":"C:/Users/38909/Documents/github/aoe2/tests/simulation/worldOccupancy.test.ts"},{"assertionResults":[{"ancestorTitles":["entityHitTest"],"fullName":"entityHitTest treats the visible body of a sub-grid unit as clickable even when it spills into the next tile","status":"passed","title":"treats the visible body of a sub-grid unit as clickable even when it spills into the next tile","duration":0.8753999999999849,"failureMessages":[],"meta":{}},{"ancestorTitles":["entityHitTest"],"fullName":"entityHitTest prioritizes units over overlapping buildings when both are under the pointer","status":"passed","title":"prioritizes units over overlapping buildings when both are under the pointer","duration":0.18619999999998527,"failureMessages":[],"meta":{}},{"ancestorTitles":["entityHitTest"],"fullName":"entityHitTest stops unit hits at the rendered circle edge","status":"passed","title":"stops unit hits at the rendered circle edge","duration":0.10770000000002256,"failureMessages":[],"meta":{}},{"ancestorTitles":["entityHitTest"],"fullName":"entityHitTest does not treat the visible gap between adjacent unit bodies as clickable","status":"passed","title":"does not treat the visible gap between adjacent unit bodies as clickable","duration":0.12709999999998445,"failureMessages":[],"meta":{}},{"ancestorTitles":["entityHitTest"],"fullName":"entityHitTest prefers the human-owned unit when overlapping units share the clicked point","status":"passed","title":"prefers the human-owned unit when overlapping units share the clicked point","duration":0.13989999999998304,"failureMessages":[],"meta":{}},{"ancestorTitles":["entityHitTest"],"fullName":"entityHitTest keeps generic world-point resolution in render order for same-layer overlaps","status":"passed","title":"keeps generic world-point resolution in render order for same-layer overlaps","duration":0.08660000000000423,"failureMessages":[],"meta":{}},{"ancestorTitles":["entityHitTest"],"fullName":"entityHitTest keeps command targeting on the topmost same-layer overlap","status":"passed","title":"keeps command targeting on the topmost same-layer overlap","duration":0.10490000000001487,"failureMessages":[],"meta":{}},{"ancestorTitles":["entityHitTest"],"fullName":"entityHitTest preserves topmost render order for same-owner overlaps after applying owner priority","status":"passed","title":"preserves topmost render order for same-owner overlaps after applying owner priority","duration":0.10699999999999932,"failureMessages":[],"meta":{}},{"ancestorTitles":["entityHitTest"],"fullName":"entityHitTest keeps command targeting forgiving slightly beyond the exact rendered unit body","status":"passed","title":"keeps command targeting forgiving slightly beyond the exact rendered unit body","duration":0.20160000000001332,"failureMessages":[],"meta":{}},{"ancestorTitles":["entityHitTest"],"fullName":"entityHitTest ignores memory ghosts for live hit tests","status":"passed","title":"ignores memory ghosts for live hit tests","duration":0.11439999999998918,"failureMessages":[],"meta":{}},{"ancestorTitles":["entityHitTest"],"fullName":"entityHitTest only intersects a marquee when the rectangle touches the visible unit body","status":"passed","title":"only intersects a marquee when the rectangle touches the visible unit body","duration":0.13069999999999027,"failureMessages":[],"meta":{}}],"startTime":1777168536182,"endTime":1777168536184.2017,"status":"passed","message":"","name":"C:/Users/38909/Documents/github/aoe2/tests/phaser/entityHitTest.test.ts"},{"assertionResults":[{"ancestorTitles":["interpolateProjectedEntities"],"fullName":"interpolateProjectedEntities interpolates unit positions between the previous and current tick positions","status":"passed","title":"interpolates unit positions between the previous and current tick positions","duration":1.594300000000004,"failureMessages":[],"meta":{}},{"ancestorTitles":["interpolateProjectedEntities"],"fullName":"interpolateProjectedEntities keeps non-unit entities at their authoritative projected positions","status":"passed","title":"keeps non-unit entities at their authoritative projected positions","duration":0.2115000000000009,"failureMessages":[],"meta":{}}],"startTime":1777168536521,"endTime":1777168536522.5942,"status":"passed","message":"","name":"C:/Users/38909/Documents/github/aoe2/tests/phaser/interpolateProjectedEntities.test.ts"},{"assertionResults":[{"ancestorTitles":["createDefaultMap"],"fullName":"createDefaultMap is deterministic for the same seed","status":"passed","title":"is deterministic for the same seed","duration":17.115199999999987,"failureMessages":[],"meta":{}},{"ancestorTitles":["createDefaultMap"],"fullName":"createDefaultMap produces different scenarios for different seeds","status":"passed","title":"produces different scenarios for different seeds","duration":2.4651000000000067,"failureMessages":[],"meta":{}},{"ancestorTitles":["createDefaultMap"],"fullName":"createDefaultMap never places two resources on the same cell","status":"passed","title":"never places two resources on the same cell","duration":2.556699999999978,"failureMessages":[],"meta":{}},{"ancestorTitles":["createDefaultMap"],"fullName":"createDefaultMap guarantees every starting resource kind near every player base","status":"passed","title":"guarantees every starting resource kind near every player base","duration":1.2171999999999912,"failureMessages":[],"meta":{}},{"ancestorTitles":["createDefaultMap"],"fullName":"createDefaultMap preserves the canonical per-owner resource counts","status":"passed","title":"preserves the canonical per-owner resource counts","duration":1.018400000000014,"failureMessages":[],"meta":{}},{"ancestorTitles":["createDefaultMap"],"fullName":"createDefaultMap preserves the standard TC/villager/scout opening","status":"passed","title":"preserves the standard TC/villager/scout opening","duration":0.8515000000000157,"failureMessages":[],"meta":{}},{"ancestorTitles":["createDefaultMap"],"fullName":"createDefaultMap uses the same MAP_WIDTH/MAP_HEIGHT as the simulation constants","status":"passed","title":"uses the same MAP_WIDTH/MAP_HEIGHT as the simulation constants","duration":0.7437999999999931,"failureMessages":[],"meta":{}}],"startTime":1777168534971,"endTime":1777168534996.8516,"status":"passed","message":"","name":"C:/Users/38909/Documents/github/aoe2/tests/simulation/mapGeneration/defaultMap.test.ts"},{"assertionResults":[{"ancestorTitles":["createSpawnList"],"fullName":"createSpawnList accepts the first resource at a cell and returns it from toArray in order","status":"passed","title":"accepts the first resource at a cell and returns it from toArray in order","duration":1.054399999999987,"failureMessages":[],"meta":{}},{"ancestorTitles":["createSpawnList"],"fullName":"createSpawnList rejects a second resource spawn at an already-claimed cell","status":"passed","title":"rejects a second resource spawn at an already-claimed cell","duration":0.20939999999998804,"failureMessages":[],"meta":{}},{"ancestorTitles":["createSpawnList"],"fullName":"createSpawnList accepts resources of different kinds at different cells","status":"passed","title":"accepts resources of different kinds at different cells","duration":0.17679999999998586,"failureMessages":[],"meta":{}},{"ancestorTitles":["createSpawnList"],"fullName":"createSpawnList addBuildingSpawn is pass-through and does not dedupe","status":"passed","title":"addBuildingSpawn is pass-through and does not dedupe","duration":0.08019999999999072,"failureMessages":[],"meta":{}},{"ancestorTitles":["createSpawnList"],"fullName":"createSpawnList addUnitSpawn is pass-through and does not dedupe","status":"passed","title":"addUnitSpawn is pass-through and does not dedupe","duration":0.09810000000001651,"failureMessages":[],"meta":{}},{"ancestorTitles":["createSpawnList"],"fullName":"createSpawnList reports whether a cell already holds a resource","status":"passed","title":"reports whether a cell already holds a resource","duration":0.17390000000000327,"failureMessages":[],"meta":{}},{"ancestorTitles":["default seed spawns are dedupe-safe"],"fullName":"default seed spawns are dedupe-safe never places two resources on the same cell","status":"passed","title":"never places two resources on the same cell","duration":7.942200000000014,"failureMessages":[],"meta":{}}],"startTime":1777168535478,"endTime":1777168535487.9421,"status":"passed","message":"","name":"C:/Users/38909/Documents/github/aoe2/tests/simulation/mapGeneration/spawnList.test.ts"}]}